[28-Apr-2020 00:17:26 UTC] PHP Parse error:  syntax error, unexpected '}', expecting ',' or ';' in C:\Users\Vince\Documents\juno\wordpress\projects\rocket-agency\app\public\wp-content\themes\starter-theme\header.php on line 28
[28-Apr-2020 00:18:48 UTC] PHP Parse error:  syntax error, unexpected '.' in C:\Users\Vince\Documents\juno\wordpress\projects\rocket-agency\app\public\wp-content\themes\starter-theme\header.php on line 27
[30-Apr-2020 00:29:17 UTC] PHP Parse error:  syntax error, unexpected end of file in C:\Users\Vince\Documents\juno\wordpress\projects\rocket-agency\app\public\wp-content\themes\starter-theme\page-home.php on line 11
[30-Apr-2020 00:43:04 UTC] PHP Parse error:  syntax error, unexpected 'class' (T_CLASS), expecting ')' in C:\Users\Vince\Documents\juno\wordpress\projects\rocket-agency\app\public\wp-content\themes\starter-theme\page-home.php on line 14
[02-May-2020 18:18:30 UTC] PHP Warning:  Failed loading Zend extension 'php_opcache.dll' (tried: C:/Users/Vince/AppData/Local/Programs/Local/resources/extraResources/lightning-services/php-7.3.5+3/bin/win32/ext\php_opcache.dll (The specified module could not be found.), C:/Users/Vince/AppData/Local/Programs/Local/resources/extraResources/lightning-services/php-7.3.5+3/bin/win32/ext\php_php_opcache.dll.dll (The specified module could not be found.)) in Unknown on line 0
[02-May-2020 18:18:30 UTC] PHP Warning:  Failed loading Zend extension 'php_opcache.dll' (tried: C:/Users/Vince/AppData/Local/Programs/Local/resources/extraResources/lightning-services/php-7.3.5+3/bin/win32/ext\php_opcache.dll (The specified module could not be found.), C:/Users/Vince/AppData/Local/Programs/Local/resources/extraResources/lightning-services/php-7.3.5+3/bin/win32/ext\php_php_opcache.dll.dll (The specified module could not be found.)) in Unknown on line 0
[02-May-2020 18:18:30 UTC] PHP Warning:  Failed loading Zend extension 'php_opcache.dll' (tried: C:/Users/Vince/AppData/Local/Programs/Local/resources/extraResources/lightning-services/php-7.3.5+3/bin/win32/ext\php_opcache.dll (The specified module could not be found.), C:/Users/Vince/AppData/Local/Programs/Local/resources/extraResources/lightning-services/php-7.3.5+3/bin/win32/ext\php_php_opcache.dll.dll (The specified module could not be found.)) in Unknown on line 0
[02-May-2020 18:18:30 UTC] PHP Warning:  Failed loading Zend extension 'php_xdebug.dll' (tried: C:/Users/Vince/AppData/Local/Programs/Local/resources/extraResources/lightning-services/php-7.3.5+3/bin/win32/ext\php_xdebug.dll (The specified module could not be found.), C:/Users/Vince/AppData/Local/Programs/Local/resources/extraResources/lightning-services/php-7.3.5+3/bin/win32/ext\php_php_xdebug.dll.dll (The specified module could not be found.)) in Unknown on line 0
[02-May-2020 18:18:30 UTC] PHP Warning:  Failed loading Zend extension 'php_xdebug.dll' (tried: C:/Users/Vince/AppData/Local/Programs/Local/resources/extraResources/lightning-services/php-7.3.5+3/bin/win32/ext\php_xdebug.dll (The specified module could not be found.), C:/Users/Vince/AppData/Local/Programs/Local/resources/extraResources/lightning-services/php-7.3.5+3/bin/win32/ext\php_php_xdebug.dll.dll (The specified module could not be found.)) in Unknown on line 0
[02-May-2020 18:18:30 UTC] PHP Warning:  Failed loading Zend extension 'php_xdebug.dll' (tried: C:/Users/Vince/AppData/Local/Programs/Local/resources/extraResources/lightning-services/php-7.3.5+3/bin/win32/ext\php_xdebug.dll (The specified module could not be found.), C:/Users/Vince/AppData/Local/Programs/Local/resources/extraResources/lightning-services/php-7.3.5+3/bin/win32/ext\php_php_xdebug.dll.dll (The specified module could not be found.)) in Unknown on line 0
[02-May-2020 18:18:30 UTC] PHP Warning:  PHP Startup: Unable to load dynamic library 'php_curl.dll' (tried: C:/Users/Vince/AppData/Local/Programs/Local/resources/extraResources/lightning-services/php-7.3.5+3/bin/win32/ext\php_curl.dll (The specified module could not be found.), C:/Users/Vince/AppData/Local/Programs/Local/resources/extraResources/lightning-services/php-7.3.5+3/bin/win32/ext\php_php_curl.dll.dll (The specified module could not be found.)) in Unknown on line 0
[02-May-2020 18:18:30 UTC] PHP Warning:  PHP Startup: Unable to load dynamic library 'php_curl.dll' (tried: C:/Users/Vince/AppData/Local/Programs/Local/resources/extraResources/lightning-services/php-7.3.5+3/bin/win32/ext\php_curl.dll (The specified module could not be found.), C:/Users/Vince/AppData/Local/Programs/Local/resources/extraResources/lightning-services/php-7.3.5+3/bin/win32/ext\php_php_curl.dll.dll (The specified module could not be found.)) in Unknown on line 0
[02-May-2020 18:18:30 UTC] PHP Warning:  PHP Startup: Unable to load dynamic library 'php_curl.dll' (tried: C:/Users/Vince/AppData/Local/Programs/Local/resources/extraResources/lightning-services/php-7.3.5+3/bin/win32/ext\php_curl.dll (The specified module could not be found.), C:/Users/Vince/AppData/Local/Programs/Local/resources/extraResources/lightning-services/php-7.3.5+3/bin/win32/ext\php_php_curl.dll.dll (The specified module could not be found.)) in Unknown on line 0
[02-May-2020 18:18:30 UTC] PHP Warning:  PHP Startup: Unable to load dynamic library 'php_gettext.dll' (tried: C:/Users/Vince/AppData/Local/Programs/Local/resources/extraResources/lightning-services/php-7.3.5+3/bin/win32/ext\php_gettext.dll (The specified module could not be found.), C:/Users/Vince/AppData/Local/Programs/Local/resources/extraResources/lightning-services/php-7.3.5+3/bin/win32/ext\php_php_gettext.dll.dll (The specified module could not be found.)) in Unknown on line 0
[02-May-2020 18:18:30 UTC] PHP Warning:  PHP Startup: Unable to load dynamic library 'php_gettext.dll' (tried: C:/Users/Vince/AppData/Local/Programs/Local/resources/extraResources/lightning-services/php-7.3.5+3/bin/win32/ext\php_gettext.dll (The specified module could not be found.), C:/Users/Vince/AppData/Local/Programs/Local/resources/extraResources/lightning-services/php-7.3.5+3/bin/win32/ext\php_php_gettext.dll.dll (The specified module could not be found.)) in Unknown on line 0
[02-May-2020 18:18:30 UTC] PHP Warning:  PHP Startup: Unable to load dynamic library 'php_gettext.dll' (tried: C:/Users/Vince/AppData/Local/Programs/Local/resources/extraResources/lightning-services/php-7.3.5+3/bin/win32/ext\php_gettext.dll (The specified module could not be found.), C:/Users/Vince/AppData/Local/Programs/Local/resources/extraResources/lightning-services/php-7.3.5+3/bin/win32/ext\php_php_gettext.dll.dll (The specified module could not be found.)) in Unknown on line 0
[02-May-2020 18:18:30 UTC] PHP Warning:  PHP Startup: Unable to load dynamic library 'php_openssl.dll' (tried: C:/Users/Vince/AppData/Local/Programs/Local/resources/extraResources/lightning-services/php-7.3.5+3/bin/win32/ext\php_openssl.dll (The specified module could not be found.), C:/Users/Vince/AppData/Local/Programs/Local/resources/extraResources/lightning-services/php-7.3.5+3/bin/win32/ext\php_php_openssl.dll.dll (The specified module could not be found.)) in Unknown on line 0
[02-May-2020 18:18:30 UTC] PHP Warning:  PHP Startup: Unable to load dynamic library 'php_openssl.dll' (tried: C:/Users/Vince/AppData/Local/Programs/Local/resources/extraResources/lightning-services/php-7.3.5+3/bin/win32/ext\php_openssl.dll (The specified module could not be found.), C:/Users/Vince/AppData/Local/Programs/Local/resources/extraResources/lightning-services/php-7.3.5+3/bin/win32/ext\php_php_openssl.dll.dll (The specified module could not be found.)) in Unknown on line 0
[02-May-2020 18:18:30 UTC] PHP Warning:  PHP Startup: Unable to load dynamic library 'php_openssl.dll' (tried: C:/Users/Vince/AppData/Local/Programs/Local/resources/extraResources/lightning-services/php-7.3.5+3/bin/win32/ext\php_openssl.dll (The specified module could not be found.), C:/Users/Vince/AppData/Local/Programs/Local/resources/extraResources/lightning-services/php-7.3.5+3/bin/win32/ext\php_php_openssl.dll.dll (The specified module could not be found.)) in Unknown on line 0
[02-May-2020 18:18:30 UTC] PHP Warning:  PHP Startup: Unable to load dynamic library 'php_exif.dll' (tried: C:/Users/Vince/AppData/Local/Programs/Local/resources/extraResources/lightning-services/php-7.3.5+3/bin/win32/ext\php_exif.dll (The specified module could not be found.), C:/Users/Vince/AppData/Local/Programs/Local/resources/extraResources/lightning-services/php-7.3.5+3/bin/win32/ext\php_php_exif.dll.dll (The specified module could not be found.)) in Unknown on line 0
[02-May-2020 18:18:30 UTC] PHP Warning:  PHP Startup: Unable to load dynamic library 'php_exif.dll' (tried: C:/Users/Vince/AppData/Local/Programs/Local/resources/extraResources/lightning-services/php-7.3.5+3/bin/win32/ext\php_exif.dll (The specified module could not be found.), C:/Users/Vince/AppData/Local/Programs/Local/resources/extraResources/lightning-services/php-7.3.5+3/bin/win32/ext\php_php_exif.dll.dll (The specified module could not be found.)) in Unknown on line 0
[02-May-2020 18:18:30 UTC] PHP Warning:  PHP Startup: Unable to load dynamic library 'php_exif.dll' (tried: C:/Users/Vince/AppData/Local/Programs/Local/resources/extraResources/lightning-services/php-7.3.5+3/bin/win32/ext\php_exif.dll (The specified module could not be found.), C:/Users/Vince/AppData/Local/Programs/Local/resources/extraResources/lightning-services/php-7.3.5+3/bin/win32/ext\php_php_exif.dll.dll (The specified module could not be found.)) in Unknown on line 0
[02-May-2020 18:18:30 UTC] PHP Warning:  PHP Startup: Unable to load dynamic library 'php_gd2.dll' (tried: C:/Users/Vince/AppData/Local/Programs/Local/resources/extraResources/lightning-services/php-7.3.5+3/bin/win32/ext\php_gd2.dll (The specified module could not be found.), C:/Users/Vince/AppData/Local/Programs/Local/resources/extraResources/lightning-services/php-7.3.5+3/bin/win32/ext\php_php_gd2.dll.dll (The specified module could not be found.)) in Unknown on line 0
[02-May-2020 18:18:30 UTC] PHP Warning:  PHP Startup: Unable to load dynamic library 'php_gd2.dll' (tried: C:/Users/Vince/AppData/Local/Programs/Local/resources/extraResources/lightning-services/php-7.3.5+3/bin/win32/ext\php_gd2.dll (The specified module could not be found.), C:/Users/Vince/AppData/Local/Programs/Local/resources/extraResources/lightning-services/php-7.3.5+3/bin/win32/ext\php_php_gd2.dll.dll (The specified module could not be found.)) in Unknown on line 0
[02-May-2020 18:18:30 UTC] PHP Warning:  PHP Startup: Unable to load dynamic library 'php_gd2.dll' (tried: C:/Users/Vince/AppData/Local/Programs/Local/resources/extraResources/lightning-services/php-7.3.5+3/bin/win32/ext\php_gd2.dll (The specified module could not be found.), C:/Users/Vince/AppData/Local/Programs/Local/resources/extraResources/lightning-services/php-7.3.5+3/bin/win32/ext\php_php_gd2.dll.dll (The specified module could not be found.)) in Unknown on line 0
[02-May-2020 18:18:30 UTC] PHP Warning:  PHP Startup: Unable to load dynamic library 'php_ftp.dll' (tried: C:/Users/Vince/AppData/Local/Programs/Local/resources/extraResources/lightning-services/php-7.3.5+3/bin/win32/ext\php_ftp.dll (The specified module could not be found.), C:/Users/Vince/AppData/Local/Programs/Local/resources/extraResources/lightning-services/php-7.3.5+3/bin/win32/ext\php_php_ftp.dll.dll (The specified module could not be found.)) in Unknown on line 0
[02-May-2020 18:18:30 UTC] PHP Warning:  PHP Startup: Unable to load dynamic library 'php_ftp.dll' (tried: C:/Users/Vince/AppData/Local/Programs/Local/resources/extraResources/lightning-services/php-7.3.5+3/bin/win32/ext\php_ftp.dll (The specified module could not be found.), C:/Users/Vince/AppData/Local/Programs/Local/resources/extraResources/lightning-services/php-7.3.5+3/bin/win32/ext\php_php_ftp.dll.dll (The specified module could not be found.)) in Unknown on line 0
[02-May-2020 18:18:30 UTC] PHP Warning:  PHP Startup: Unable to load dynamic library 'php_ftp.dll' (tried: C:/Users/Vince/AppData/Local/Programs/Local/resources/extraResources/lightning-services/php-7.3.5+3/bin/win32/ext\php_ftp.dll (The specified module could not be found.), C:/Users/Vince/AppData/Local/Programs/Local/resources/extraResources/lightning-services/php-7.3.5+3/bin/win32/ext\php_php_ftp.dll.dll (The specified module could not be found.)) in Unknown on line 0
[02-May-2020 18:18:30 UTC] PHP Warning:  PHP Startup: Unable to load dynamic library 'php_imap.dll' (tried: C:/Users/Vince/AppData/Local/Programs/Local/resources/extraResources/lightning-services/php-7.3.5+3/bin/win32/ext\php_imap.dll (The specified module could not be found.), C:/Users/Vince/AppData/Local/Programs/Local/resources/extraResources/lightning-services/php-7.3.5+3/bin/win32/ext\php_php_imap.dll.dll (The specified module could not be found.)) in Unknown on line 0
[02-May-2020 18:18:30 UTC] PHP Warning:  PHP Startup: Unable to load dynamic library 'php_imap.dll' (tried: C:/Users/Vince/AppData/Local/Programs/Local/resources/extraResources/lightning-services/php-7.3.5+3/bin/win32/ext\php_imap.dll (The specified module could not be found.), C:/Users/Vince/AppData/Local/Programs/Local/resources/extraResources/lightning-services/php-7.3.5+3/bin/win32/ext\php_php_imap.dll.dll (The specified module could not be found.)) in Unknown on line 0
[02-May-2020 18:18:30 UTC] PHP Warning:  PHP Startup: Unable to load dynamic library 'php_imap.dll' (tried: C:/Users/Vince/AppData/Local/Programs/Local/resources/extraResources/lightning-services/php-7.3.5+3/bin/win32/ext\php_imap.dll (The specified module could not be found.), C:/Users/Vince/AppData/Local/Programs/Local/resources/extraResources/lightning-services/php-7.3.5+3/bin/win32/ext\php_php_imap.dll.dll (The specified module could not be found.)) in Unknown on line 0
[02-May-2020 18:18:30 UTC] PHP Warning:  PHP Startup: Unable to load dynamic library 'php_bz2.dll' (tried: C:/Users/Vince/AppData/Local/Programs/Local/resources/extraResources/lightning-services/php-7.3.5+3/bin/win32/ext\php_bz2.dll (The specified module could not be found.), C:/Users/Vince/AppData/Local/Programs/Local/resources/extraResources/lightning-services/php-7.3.5+3/bin/win32/ext\php_php_bz2.dll.dll (The specified module could not be found.)) in Unknown on line 0
[02-May-2020 18:18:30 UTC] PHP Warning:  PHP Startup: Unable to load dynamic library 'php_bz2.dll' (tried: C:/Users/Vince/AppData/Local/Programs/Local/resources/extraResources/lightning-services/php-7.3.5+3/bin/win32/ext\php_bz2.dll (The specified module could not be found.), C:/Users/Vince/AppData/Local/Programs/Local/resources/extraResources/lightning-services/php-7.3.5+3/bin/win32/ext\php_php_bz2.dll.dll (The specified module could not be found.)) in Unknown on line 0
[02-May-2020 18:18:30 UTC] PHP Warning:  PHP Startup: Unable to load dynamic library 'php_bz2.dll' (tried: C:/Users/Vince/AppData/Local/Programs/Local/resources/extraResources/lightning-services/php-7.3.5+3/bin/win32/ext\php_bz2.dll (The specified module could not be found.), C:/Users/Vince/AppData/Local/Programs/Local/resources/extraResources/lightning-services/php-7.3.5+3/bin/win32/ext\php_php_bz2.dll.dll (The specified module could not be found.)) in Unknown on line 0
[02-May-2020 18:18:30 UTC] PHP Warning:  PHP Startup: Unable to load dynamic library 'php_mbstring.dll' (tried: C:/Users/Vince/AppData/Local/Programs/Local/resources/extraResources/lightning-services/php-7.3.5+3/bin/win32/ext\php_mbstring.dll (The specified module could not be found.), C:/Users/Vince/AppData/Local/Programs/Local/resources/extraResources/lightning-services/php-7.3.5+3/bin/win32/ext\php_php_mbstring.dll.dll (The specified module could not be found.)) in Unknown on line 0
[02-May-2020 18:18:30 UTC] PHP Warning:  PHP Startup: Unable to load dynamic library 'php_mbstring.dll' (tried: C:/Users/Vince/AppData/Local/Programs/Local/resources/extraResources/lightning-services/php-7.3.5+3/bin/win32/ext\php_mbstring.dll (The specified module could not be found.), C:/Users/Vince/AppData/Local/Programs/Local/resources/extraResources/lightning-services/php-7.3.5+3/bin/win32/ext\php_php_mbstring.dll.dll (The specified module could not be found.)) in Unknown on line 0
[02-May-2020 18:18:30 UTC] PHP Warning:  PHP Startup: Unable to load dynamic library 'php_mbstring.dll' (tried: C:/Users/Vince/AppData/Local/Programs/Local/resources/extraResources/lightning-services/php-7.3.5+3/bin/win32/ext\php_mbstring.dll (The specified module could not be found.), C:/Users/Vince/AppData/Local/Programs/Local/resources/extraResources/lightning-services/php-7.3.5+3/bin/win32/ext\php_php_mbstring.dll.dll (The specified module could not be found.)) in Unknown on line 0
[02-May-2020 18:18:30 UTC] PHP Warning:  PHP Startup: Unable to load dynamic library 'php_sodium.dll' (tried: C:/Users/Vince/AppData/Local/Programs/Local/resources/extraResources/lightning-services/php-7.3.5+3/bin/win32/ext\php_sodium.dll (The specified module could not be found.), C:/Users/Vince/AppData/Local/Programs/Local/resources/extraResources/lightning-services/php-7.3.5+3/bin/win32/ext\php_php_sodium.dll.dll (The specified module could not be found.)) in Unknown on line 0
[02-May-2020 18:18:30 UTC] PHP Warning:  PHP Startup: Unable to load dynamic library 'php_sodium.dll' (tried: C:/Users/Vince/AppData/Local/Programs/Local/resources/extraResources/lightning-services/php-7.3.5+3/bin/win32/ext\php_sodium.dll (The specified module could not be found.), C:/Users/Vince/AppData/Local/Programs/Local/resources/extraResources/lightning-services/php-7.3.5+3/bin/win32/ext\php_php_sodium.dll.dll (The specified module could not be found.)) in Unknown on line 0
[02-May-2020 18:18:30 UTC] PHP Warning:  PHP Startup: Unable to load dynamic library 'php_sodium.dll' (tried: C:/Users/Vince/AppData/Local/Programs/Local/resources/extraResources/lightning-services/php-7.3.5+3/bin/win32/ext\php_sodium.dll (The specified module could not be found.), C:/Users/Vince/AppData/Local/Programs/Local/resources/extraResources/lightning-services/php-7.3.5+3/bin/win32/ext\php_php_sodium.dll.dll (The specified module could not be found.)) in Unknown on line 0
[02-May-2020 18:18:30 UTC] PHP Warning:  PHP Startup: Unable to load dynamic library 'php_tidy.dll' (tried: C:/Users/Vince/AppData/Local/Programs/Local/resources/extraResources/lightning-services/php-7.3.5+3/bin/win32/ext\php_tidy.dll (The specified module could not be found.), C:/Users/Vince/AppData/Local/Programs/Local/resources/extraResources/lightning-services/php-7.3.5+3/bin/win32/ext\php_php_tidy.dll.dll (The specified module could not be found.)) in Unknown on line 0
[02-May-2020 18:18:30 UTC] PHP Warning:  PHP Startup: Unable to load dynamic library 'php_tidy.dll' (tried: C:/Users/Vince/AppData/Local/Programs/Local/resources/extraResources/lightning-services/php-7.3.5+3/bin/win32/ext\php_tidy.dll (The specified module could not be found.), C:/Users/Vince/AppData/Local/Programs/Local/resources/extraResources/lightning-services/php-7.3.5+3/bin/win32/ext\php_php_tidy.dll.dll (The specified module could not be found.)) in Unknown on line 0
[02-May-2020 18:18:30 UTC] PHP Warning:  PHP Startup: Unable to load dynamic library 'php_tidy.dll' (tried: C:/Users/Vince/AppData/Local/Programs/Local/resources/extraResources/lightning-services/php-7.3.5+3/bin/win32/ext\php_tidy.dll (The specified module could not be found.), C:/Users/Vince/AppData/Local/Programs/Local/resources/extraResources/lightning-services/php-7.3.5+3/bin/win32/ext\php_php_tidy.dll.dll (The specified module could not be found.)) in Unknown on line 0
[02-May-2020 18:18:30 UTC] PHP Warning:  PHP Startup: Unable to load dynamic library 'php_xsl.dll' (tried: C:/Users/Vince/AppData/Local/Programs/Local/resources/extraResources/lightning-services/php-7.3.5+3/bin/win32/ext\php_xsl.dll (The specified module could not be found.), C:/Users/Vince/AppData/Local/Programs/Local/resources/extraResources/lightning-services/php-7.3.5+3/bin/win32/ext\php_php_xsl.dll.dll (The specified module could not be found.)) in Unknown on line 0
[02-May-2020 18:18:30 UTC] PHP Warning:  PHP Startup: Unable to load dynamic library 'php_xsl.dll' (tried: C:/Users/Vince/AppData/Local/Programs/Local/resources/extraResources/lightning-services/php-7.3.5+3/bin/win32/ext\php_xsl.dll (The specified module could not be found.), C:/Users/Vince/AppData/Local/Programs/Local/resources/extraResources/lightning-services/php-7.3.5+3/bin/win32/ext\php_php_xsl.dll.dll (The specified module could not be found.)) in Unknown on line 0
[02-May-2020 18:18:30 UTC] PHP Warning:  PHP Startup: Unable to load dynamic library 'php_xsl.dll' (tried: C:/Users/Vince/AppData/Local/Programs/Local/resources/extraResources/lightning-services/php-7.3.5+3/bin/win32/ext\php_xsl.dll (The specified module could not be found.), C:/Users/Vince/AppData/Local/Programs/Local/resources/extraResources/lightning-services/php-7.3.5+3/bin/win32/ext\php_php_xsl.dll.dll (The specified module could not be found.)) in Unknown on line 0
[02-May-2020 18:18:30 UTC] PHP Warning:  PHP Startup: Unable to load dynamic library 'php_xmlrpc.dll' (tried: C:/Users/Vince/AppData/Local/Programs/Local/resources/extraResources/lightning-services/php-7.3.5+3/bin/win32/ext\php_xmlrpc.dll (The specified module could not be found.), C:/Users/Vince/AppData/Local/Programs/Local/resources/extraResources/lightning-services/php-7.3.5+3/bin/win32/ext\php_php_xmlrpc.dll.dll (The specified module could not be found.)) in Unknown on line 0
[02-May-2020 18:18:30 UTC] PHP Warning:  PHP Startup: Unable to load dynamic library 'php_xmlrpc.dll' (tried: C:/Users/Vince/AppData/Local/Programs/Local/resources/extraResources/lightning-services/php-7.3.5+3/bin/win32/ext\php_xmlrpc.dll (The specified module could not be found.), C:/Users/Vince/AppData/Local/Programs/Local/resources/extraResources/lightning-services/php-7.3.5+3/bin/win32/ext\php_php_xmlrpc.dll.dll (The specified module could not be found.)) in Unknown on line 0
[02-May-2020 18:18:30 UTC] PHP Warning:  PHP Startup: Unable to load dynamic library 'php_xmlrpc.dll' (tried: C:/Users/Vince/AppData/Local/Programs/Local/resources/extraResources/lightning-services/php-7.3.5+3/bin/win32/ext\php_xmlrpc.dll (The specified module could not be found.), C:/Users/Vince/AppData/Local/Programs/Local/resources/extraResources/lightning-services/php-7.3.5+3/bin/win32/ext\php_php_xmlrpc.dll.dll (The specified module could not be found.)) in Unknown on line 0
[02-May-2020 18:18:30 UTC] PHP Warning:  PHP Startup: Unable to load dynamic library 'php_soap.dll' (tried: C:/Users/Vince/AppData/Local/Programs/Local/resources/extraResources/lightning-services/php-7.3.5+3/bin/win32/ext\php_soap.dll (The specified module could not be found.), C:/Users/Vince/AppData/Local/Programs/Local/resources/extraResources/lightning-services/php-7.3.5+3/bin/win32/ext\php_php_soap.dll.dll (The specified module could not be found.)) in Unknown on line 0
[02-May-2020 18:18:30 UTC] PHP Warning:  PHP Startup: Unable to load dynamic library 'php_soap.dll' (tried: C:/Users/Vince/AppData/Local/Programs/Local/resources/extraResources/lightning-services/php-7.3.5+3/bin/win32/ext\php_soap.dll (The specified module could not be found.), C:/Users/Vince/AppData/Local/Programs/Local/resources/extraResources/lightning-services/php-7.3.5+3/bin/win32/ext\php_php_soap.dll.dll (The specified module could not be found.)) in Unknown on line 0
[02-May-2020 18:18:30 UTC] PHP Warning:  PHP Startup: Unable to load dynamic library 'php_soap.dll' (tried: C:/Users/Vince/AppData/Local/Programs/Local/resources/extraResources/lightning-services/php-7.3.5+3/bin/win32/ext\php_soap.dll (The specified module could not be found.), C:/Users/Vince/AppData/Local/Programs/Local/resources/extraResources/lightning-services/php-7.3.5+3/bin/win32/ext\php_php_soap.dll.dll (The specified module could not be found.)) in Unknown on line 0
[02-May-2020 18:18:30 UTC] PHP Warning:  PHP Startup: Unable to load dynamic library 'php_mysqli.dll' (tried: C:/Users/Vince/AppData/Local/Programs/Local/resources/extraResources/lightning-services/php-7.3.5+3/bin/win32/ext\php_mysqli.dll (The specified module could not be found.), C:/Users/Vince/AppData/Local/Programs/Local/resources/extraResources/lightning-services/php-7.3.5+3/bin/win32/ext\php_php_mysqli.dll.dll (The specified module could not be found.)) in Unknown on line 0
[02-May-2020 18:18:30 UTC] PHP Warning:  PHP Startup: Unable to load dynamic library 'php_mysqli.dll' (tried: C:/Users/Vince/AppData/Local/Programs/Local/resources/extraResources/lightning-services/php-7.3.5+3/bin/win32/ext\php_mysqli.dll (The specified module could not be found.), C:/Users/Vince/AppData/Local/Programs/Local/resources/extraResources/lightning-services/php-7.3.5+3/bin/win32/ext\php_php_mysqli.dll.dll (The specified module could not be found.)) in Unknown on line 0
[02-May-2020 18:18:30 UTC] PHP Warning:  PHP Startup: Unable to load dynamic library 'php_mysqli.dll' (tried: C:/Users/Vince/AppData/Local/Programs/Local/resources/extraResources/lightning-services/php-7.3.5+3/bin/win32/ext\php_mysqli.dll (The specified module could not be found.), C:/Users/Vince/AppData/Local/Programs/Local/resources/extraResources/lightning-services/php-7.3.5+3/bin/win32/ext\php_php_mysqli.dll.dll (The specified module could not be found.)) in Unknown on line 0
[02-May-2020 18:18:30 UTC] PHP Warning:  PHP Startup: Unable to load dynamic library 'php_pdo_mysql.dll' (tried: C:/Users/Vince/AppData/Local/Programs/Local/resources/extraResources/lightning-services/php-7.3.5+3/bin/win32/ext\php_pdo_mysql.dll (The specified module could not be found.), C:/Users/Vince/AppData/Local/Programs/Local/resources/extraResources/lightning-services/php-7.3.5+3/bin/win32/ext\php_php_pdo_mysql.dll.dll (The specified module could not be found.)) in Unknown on line 0
[02-May-2020 18:18:30 UTC] PHP Warning:  PHP Startup: Unable to load dynamic library 'php_pdo_mysql.dll' (tried: C:/Users/Vince/AppData/Local/Programs/Local/resources/extraResources/lightning-services/php-7.3.5+3/bin/win32/ext\php_pdo_mysql.dll (The specified module could not be found.), C:/Users/Vince/AppData/Local/Programs/Local/resources/extraResources/lightning-services/php-7.3.5+3/bin/win32/ext\php_php_pdo_mysql.dll.dll (The specified module could not be found.)) in Unknown on line 0
[02-May-2020 18:18:30 UTC] PHP Warning:  PHP Startup: Unable to load dynamic library 'php_pdo_mysql.dll' (tried: C:/Users/Vince/AppData/Local/Programs/Local/resources/extraResources/lightning-services/php-7.3.5+3/bin/win32/ext\php_pdo_mysql.dll (The specified module could not be found.), C:/Users/Vince/AppData/Local/Programs/Local/resources/extraResources/lightning-services/php-7.3.5+3/bin/win32/ext\php_php_pdo_mysql.dll.dll (The specified module could not be found.)) in Unknown on line 0
[02-May-2020 18:18:30 UTC] PHP Warning:  Use of undefined constant OPENSSL_VERSION_TEXT - assumed 'OPENSSL_VERSION_TEXT' (this will throw an Error in a future version of PHP) in Command line code on line 1
[02-May-2020 18:18:47 UTC] PHP Fatal error:  Uncaught Error: Call to undefined function mysql_connect() in C:\Users\Vince\Documents\juno\wordpress\projects\rocket-agency\app\public\wp-includes\wp-db.php:1661
Stack trace:
#0 C:\Users\Vince\Documents\juno\wordpress\projects\rocket-agency\app\public\wp-includes\wp-db.php(631): wpdb->db_connect()
#1 C:\Users\Vince\Documents\juno\wordpress\projects\rocket-agency\app\public\wp-includes\load.php(426): wpdb->__construct('root', 'root', 'local', 'localhost')
#2 C:\Users\Vince\Documents\juno\wordpress\projects\rocket-agency\app\public\wp-settings.php(126): require_wp_db()
#3 phar://C:/Users/Vince/AppData/Local/Programs/Local/resources/extraResources/bin/wp-cli/wp-cli.phar/vendor/wp-cli/wp-cli/php/WP_CLI/Runner.php(1237): require('C:\\Users\\Vince\\...')
#4 phar://C:/Users/Vince/AppData/Local/Programs/Local/resources/extraResources/bin/wp-cli/wp-cli.phar/vendor/wp-cli/wp-cli/php/WP_CLI/Runner.php(1158): WP_CLI\Runner->load_wordpress()
#5 phar://C:/Users/Vince/AppData/Local/Programs/Local/resources/extraResources/b in C:\Users\Vince\Documents\juno\wordpress\projects\rocket-agency\app\public\wp-includes\wp-db.php on line 1661
[04-May-2020 23:39:27 UTC] PHP Parse error:  syntax error, unexpected 'endif' (T_ENDIF) in C:\Users\Vince\Documents\juno\wordpress\projects\rocket-agency\app\public\wp-content\themes\starter-theme\page-home.php on line 34
[04-May-2020 23:40:22 UTC] PHP Parse error:  syntax error, unexpected 'endif' (T_ENDIF) in C:\Users\Vince\Documents\juno\wordpress\projects\rocket-agency\app\public\wp-content\themes\starter-theme\page-home.php on line 34
[04-May-2020 23:40:25 UTC] PHP Parse error:  syntax error, unexpected 'endif' (T_ENDIF) in C:\Users\Vince\Documents\juno\wordpress\projects\rocket-agency\app\public\wp-content\themes\starter-theme\page-home.php on line 34
[04-May-2020 23:41:19 UTC] PHP Parse error:  syntax error, unexpected '<' in C:\Users\Vince\Documents\juno\wordpress\projects\rocket-agency\app\public\wp-content\themes\starter-theme\page-home.php on line 33
[04-May-2020 23:41:27 UTC] PHP Parse error:  syntax error, unexpected 'endif' (T_ENDIF) in C:\Users\Vince\Documents\juno\wordpress\projects\rocket-agency\app\public\wp-content\themes\starter-theme\page-home.php on line 34
[04-May-2020 23:41:49 UTC] PHP Parse error:  syntax error, unexpected 'endif' (T_ENDIF) in C:\Users\Vince\Documents\juno\wordpress\projects\rocket-agency\app\public\wp-content\themes\starter-theme\page-home.php on line 34
[04-May-2020 23:45:32 UTC] PHP Parse error:  syntax error, unexpected 'endwhile' (T_ENDWHILE), expecting elseif (T_ELSEIF) or else (T_ELSE) or endif (T_ENDIF) in C:\Users\Vince\Documents\juno\wordpress\projects\rocket-agency\app\public\wp-content\themes\starter-theme\page-home.php on line 50
[07-May-2020 00:46:47 UTC] PHP Parse error:  syntax error, unexpected ':' in C:\Users\Vince\Documents\juno\wordpress\projects\rocket-agency\app\public\wp-content\themes\starter-theme\team-member.php on line 19
[07-May-2020 00:47:14 UTC] PHP Parse error:  syntax error, unexpected ':' in C:\Users\Vince\Documents\juno\wordpress\projects\rocket-agency\app\public\wp-content\themes\starter-theme\team-member.php on line 19
[07-May-2020 01:33:11 UTC] PHP Fatal error:  Uncaught Error: Call to undefined function get_title() in C:\Users\Vince\Documents\juno\wordpress\projects\rocket-agency\app\public\wp-content\themes\starter-theme\index.php:7
Stack trace:
#0 C:\Users\Vince\Documents\juno\wordpress\projects\rocket-agency\app\public\wp-includes\template-loader.php(106): include()
#1 C:\Users\Vince\Documents\juno\wordpress\projects\rocket-agency\app\public\wp-blog-header.php(19): require_once('C:\\Users\\Vince\\...')
#2 C:\Users\Vince\Documents\juno\wordpress\projects\rocket-agency\app\public\index.php(17): require('C:\\Users\\Vince\\...')
#3 {main}
  thrown in C:\Users\Vince\Documents\juno\wordpress\projects\rocket-agency\app\public\wp-content\themes\starter-theme\index.php on line 7
[07-May-2020 01:45:23 UTC] PHP Parse error:  syntax error, unexpected '​' (T_STRING) in C:\Users\Vince\Documents\juno\wordpress\projects\rocket-agency\app\public\wp-content\plugins\id-in-menu.php on line 12
[07-May-2020 01:45:24 UTC] PHP Parse error:  syntax error, unexpected '​' (T_STRING) in C:\Users\Vince\Documents\juno\wordpress\projects\rocket-agency\app\public\wp-content\plugins\id-in-menu.php on line 12
[07-May-2020 01:45:25 UTC] PHP Parse error:  syntax error, unexpected '​' (T_STRING) in C:\Users\Vince\Documents\juno\wordpress\projects\rocket-agency\app\public\wp-content\plugins\id-in-menu.php on line 12
[07-May-2020 01:46:15 UTC] PHP Parse error:  syntax error, unexpected 'class' (T_CLASS) in C:\Users\Vince\Documents\juno\wordpress\projects\rocket-agency\app\public\wp-content\plugins\id-in-menu.php on line 12
[07-May-2020 01:46:15 UTC] PHP Parse error:  syntax error, unexpected 'class' (T_CLASS) in C:\Users\Vince\Documents\juno\wordpress\projects\rocket-agency\app\public\wp-content\plugins\id-in-menu.php on line 12
[07-May-2020 01:46:15 UTC] PHP Parse error:  syntax error, unexpected 'class' (T_CLASS) in C:\Users\Vince\Documents\juno\wordpress\projects\rocket-agency\app\public\wp-content\plugins\id-in-menu.php on line 12
[07-May-2020 01:51:03 UTC] PHP Parse error:  syntax error, unexpected 'class' (T_CLASS) in C:\Users\Vince\Documents\juno\wordpress\projects\rocket-agency\app\public\wp-content\plugins\id-in-menu.php on line 12
[07-May-2020 01:51:04 UTC] PHP Parse error:  syntax error, unexpected 'class' (T_CLASS) in C:\Users\Vince\Documents\juno\wordpress\projects\rocket-agency\app\public\wp-content\plugins\id-in-menu.php on line 12
[07-May-2020 01:51:04 UTC] PHP Parse error:  syntax error, unexpected 'class' (T_CLASS) in C:\Users\Vince\Documents\juno\wordpress\projects\rocket-agency\app\public\wp-content\plugins\id-in-menu.php on line 12
[10-May-2020 06:32:56 UTC] PHP Fatal error:  Uncaught Error: Call to a member function have_posts() on null in C:\Users\Vince\Documents\juno\wordpress\projects\rocket-agency\app\public\wp-content\themes\starter-theme\blocks\team-member.php:26
Stack trace:
#0 C:\Users\Vince\Documents\juno\wordpress\projects\rocket-agency\app\public\wp-content\plugins\advanced-custom-fields-pro\pro\blocks.php(317): include()
#1 C:\Users\Vince\Documents\juno\wordpress\projects\rocket-agency\app\public\wp-content\plugins\advanced-custom-fields-pro\pro\blocks.php(262): acf_render_block(Array, '', false, 11)
#2 C:\Users\Vince\Documents\juno\wordpress\projects\rocket-agency\app\public\wp-includes\class-wp-block-type.php(109): acf_rendered_block(Array, '')
#3 C:\Users\Vince\Documents\juno\wordpress\projects\rocket-agency\app\public\wp-includes\blocks.php(487): WP_Block_Type->render(Array, '')
#4 C:\Users\Vince\Documents\juno\wordpress\projects\rocket-agency\app\public\wp-includes\blocks.php(537): render_block(Array)
#5 C:\Users\Vince\Documents\juno\wordpress\projects\rocket-age in C:\Users\Vince\Documents\juno\wordpress\projects\rocket-agency\app\public\wp-content\themes\starter-theme\blocks\team-member.php on line 26
[10-May-2020 06:33:10 UTC] PHP Fatal error:  Uncaught Error: Call to a member function have_posts() on null in C:\Users\Vince\Documents\juno\wordpress\projects\rocket-agency\app\public\wp-content\themes\starter-theme\blocks\team-member.php:26
Stack trace:
#0 C:\Users\Vince\Documents\juno\wordpress\projects\rocket-agency\app\public\wp-content\plugins\advanced-custom-fields-pro\pro\blocks.php(317): include()
#1 C:\Users\Vince\Documents\juno\wordpress\projects\rocket-agency\app\public\wp-content\plugins\advanced-custom-fields-pro\pro\blocks.php(262): acf_render_block(Array, '', false, 11)
#2 C:\Users\Vince\Documents\juno\wordpress\projects\rocket-agency\app\public\wp-includes\class-wp-block-type.php(109): acf_rendered_block(Array, '')
#3 C:\Users\Vince\Documents\juno\wordpress\projects\rocket-agency\app\public\wp-includes\blocks.php(487): WP_Block_Type->render(Array, '')
#4 C:\Users\Vince\Documents\juno\wordpress\projects\rocket-agency\app\public\wp-includes\blocks.php(537): render_block(Array)
#5 C:\Users\Vince\Documents\juno\wordpress\projects\rocket-age in C:\Users\Vince\Documents\juno\wordpress\projects\rocket-agency\app\public\wp-content\themes\starter-theme\blocks\team-member.php on line 26
[11-May-2020 18:27:20 UTC] PHP Fatal error:  Uncaught ArgumentCountError: Too few arguments to function the_sub_field(), 0 passed in C:\Users\Vince\Documents\juno\wordpress\projects\rocket-agency\app\public\wp-content\themes\starter-theme\page-services.php on line 18 and at least 1 expected in C:\Users\Vince\Documents\juno\wordpress\projects\rocket-agency\app\public\wp-content\plugins\advanced-custom-fields-pro\includes\api\api-template.php:844
Stack trace:
#0 C:\Users\Vince\Documents\juno\wordpress\projects\rocket-agency\app\public\wp-content\themes\starter-theme\page-services.php(18): the_sub_field()
#1 C:\Users\Vince\Documents\juno\wordpress\projects\rocket-agency\app\public\wp-includes\template-loader.php(106): include('C:\\Users\\Vince\\...')
#2 C:\Users\Vince\Documents\juno\wordpress\projects\rocket-agency\app\public\wp-blog-header.php(19): require_once('C:\\Users\\Vince\\...')
#3 C:\Users\Vince\Documents\juno\wordpress\projects\rocket-agency\app\public\index.php(17): require('C:\\Users\\Vince\\...')
#4 {main}
  thrown in C:\Users\Vince\Documents\juno\wordpress\projects\rocket-agency\app\public\wp-content\plugins\advanced-custom-fields-pro\includes\api\api-template.php on line 844
[11-May-2020 18:34:42 UTC] PHP Fatal error:  Uncaught Error: Call to undefined function the_rows() in C:\Users\Vince\Documents\juno\wordpress\projects\rocket-agency\app\public\wp-content\themes\starter-theme\page-services.php:16
Stack trace:
#0 C:\Users\Vince\Documents\juno\wordpress\projects\rocket-agency\app\public\wp-includes\template-loader.php(106): include()
#1 C:\Users\Vince\Documents\juno\wordpress\projects\rocket-agency\app\public\wp-blog-header.php(19): require_once('C:\\Users\\Vince\\...')
#2 C:\Users\Vince\Documents\juno\wordpress\projects\rocket-agency\app\public\index.php(17): require('C:\\Users\\Vince\\...')
#3 {main}
  thrown in C:\Users\Vince\Documents\juno\wordpress\projects\rocket-agency\app\public\wp-content\themes\starter-theme\page-services.php on line 16
[12-May-2020 00:25:27 UTC] PHP Parse error:  syntax error, unexpected 'endif' (T_ENDIF) in C:\Users\Vince\Documents\juno\wordpress\projects\rocket-agency\app\public\wp-content\themes\starter-theme\page-home.php on line 66
[14-May-2020 00:42:44 UTC] WordPress database error Table 'wp_yoast_migrations' already exists for query CREATE TABLE `wp_yoast_migrations` (
`id` int(11) UNSIGNED auto_increment NOT NULL,
`version` varchar(191),
 PRIMARY KEY (`id`))  DEFAULT CHARSET=utf8; made by require_once('wp-admin/admin.php'), require_once('wp-load.php'), require_once('wp-config.php'), require_once('wp-settings.php'), do_action('plugins_loaded'), WP_Hook->do_action, WP_Hook->apply_filters, wpseo_init, YoastSEO, Yoast\WP\SEO\Main->load, Yoast\WP\SEO\Loader->load, Yoast\WP\SEO\Loader->load_initializers, Yoast\WP\SEO\Initializers\Migration_Runner->initialize, Yoast\WP\SEO\Initializers\Migration_Runner->run_free_migrations, Yoast\WP\SEO\Initializers\Migration_Runner->run_migrations, YoastSEO_Vendor\Ruckusing_Adapter_MySQL_TableDefinition->finish, Yoast\WP\Lib\Ruckusing_Adapter->execute_ddl, Yoast\WP\Lib\Ruckusing_Adapter->query
[17-May-2020 21:00:27 UTC] PHP Parse error:  syntax error, unexpected '=>' (T_DOUBLE_ARROW), expecting ')' in C:\Users\Vince\Documents\juno\wordpress\projects\rocket-agency\app\public\wp-content\themes\starter-theme\page-home.php on line 44
[25-May-2020 22:16:48 UTC] PHP Warning:  mysqli_query(): MySQL server has gone away in C:\Users\Vince\Documents\juno\wordpress\projects\rocket-agency\app\public\wp-includes\wp-db.php on line 2024
[25-May-2020 22:16:48 UTC] PHP Warning:  mysqli_query(): MySQL server has gone away in C:\Users\Vince\Documents\juno\wordpress\projects\rocket-agency\app\public\wp-includes\wp-db.php on line 2024
[25-May-2020 22:16:49 UTC] PHP Stack trace:
[25-May-2020 22:16:49 UTC] PHP Stack trace:
[25-May-2020 22:16:49 UTC] PHP   1. {main}() C:\Users\Vince\AppData\Local\Programs\Local\resources\extraResources\bin\wp-cli\wp-cli.phar:0
[25-May-2020 22:16:49 UTC] PHP   1. {main}() C:\Users\Vince\AppData\Local\Programs\Local\resources\extraResources\bin\wp-cli\wp-cli.phar:0
[25-May-2020 22:16:49 UTC] PHP   2. include() C:\Users\Vince\AppData\Local\Programs\Local\resources\extraResources\bin\wp-cli\wp-cli.phar:4
[25-May-2020 22:16:49 UTC] PHP   2. include() C:\Users\Vince\AppData\Local\Programs\Local\resources\extraResources\bin\wp-cli\wp-cli.phar:4
[25-May-2020 22:16:49 UTC] PHP   3. include() phar://C:/Users/Vince/AppData/Local/Programs/Local/resources/extraResources/bin/wp-cli/wp-cli.phar/php/boot-phar.php:11
[25-May-2020 22:16:49 UTC] PHP   3. include() phar://C:/Users/Vince/AppData/Local/Programs/Local/resources/extraResources/bin/wp-cli/wp-cli.phar/php/boot-phar.php:11
[25-May-2020 22:16:49 UTC] PHP   4. WP_CLI\bootstrap() phar://C:/Users/Vince/AppData/Local/Programs/Local/resources/extraResources/bin/wp-cli/wp-cli.phar/vendor/wp-cli/wp-cli/php/wp-cli.php:27
[25-May-2020 22:16:49 UTC] PHP   4. WP_CLI\bootstrap() phar://C:/Users/Vince/AppData/Local/Programs/Local/resources/extraResources/bin/wp-cli/wp-cli.phar/vendor/wp-cli/wp-cli/php/wp-cli.php:27
[25-May-2020 22:16:49 UTC] PHP   5. WP_CLI\Bootstrap\LaunchRunner->process() phar://C:/Users/Vince/AppData/Local/Programs/Local/resources/extraResources/bin/wp-cli/wp-cli.phar/vendor/wp-cli/wp-cli/php/bootstrap.php:74
[25-May-2020 22:16:49 UTC] PHP   5. WP_CLI\Bootstrap\LaunchRunner->process() phar://C:/Users/Vince/AppData/Local/Programs/Local/resources/extraResources/bin/wp-cli/wp-cli.phar/vendor/wp-cli/wp-cli/php/bootstrap.php:74
[25-May-2020 22:16:49 UTC] PHP   6. WP_CLI\Runner->start() phar://C:/Users/Vince/AppData/Local/Programs/Local/resources/extraResources/bin/wp-cli/wp-cli.phar/vendor/wp-cli/wp-cli/php/WP_CLI/Bootstrap/LaunchRunner.php:23
[25-May-2020 22:16:49 UTC] PHP   6. WP_CLI\Runner->start() phar://C:/Users/Vince/AppData/Local/Programs/Local/resources/extraResources/bin/wp-cli/wp-cli.phar/vendor/wp-cli/wp-cli/php/WP_CLI/Bootstrap/LaunchRunner.php:23
[25-May-2020 22:16:49 UTC] PHP   7. WP_CLI\Runner->load_wordpress() phar://C:/Users/Vince/AppData/Local/Programs/Local/resources/extraResources/bin/wp-cli/wp-cli.phar/vendor/wp-cli/wp-cli/php/WP_CLI/Runner.php:1158
[25-May-2020 22:16:49 UTC] PHP   7. WP_CLI\Runner->load_wordpress() phar://C:/Users/Vince/AppData/Local/Programs/Local/resources/extraResources/bin/wp-cli/wp-cli.phar/vendor/wp-cli/wp-cli/php/WP_CLI/Runner.php:1158
[25-May-2020 22:16:49 UTC] PHP   8. require() phar://C:/Users/Vince/AppData/Local/Programs/Local/resources/extraResources/bin/wp-cli/wp-cli.phar/vendor/wp-cli/wp-cli/php/WP_CLI/Runner.php:1237
[25-May-2020 22:16:49 UTC] PHP   8. require() phar://C:/Users/Vince/AppData/Local/Programs/Local/resources/extraResources/bin/wp-cli/wp-cli.phar/vendor/wp-cli/wp-cli/php/WP_CLI/Runner.php:1237
[25-May-2020 22:16:49 UTC] PHP   9. do_action() C:\Users\Vince\Documents\juno\wordpress\projects\rocket-agency\app\public\wp-settings.php:540
[25-May-2020 22:16:49 UTC] PHP   9. do_action() C:\Users\Vince\Documents\juno\wordpress\projects\rocket-agency\app\public\wp-settings.php:540
[25-May-2020 22:16:49 UTC] PHP  10. WP_Hook->do_action() C:\Users\Vince\Documents\juno\wordpress\projects\rocket-agency\app\public\wp-includes\plugin.php:478
[25-May-2020 22:16:49 UTC] PHP  10. WP_Hook->do_action() C:\Users\Vince\Documents\juno\wordpress\projects\rocket-agency\app\public\wp-includes\plugin.php:478
[25-May-2020 22:16:49 UTC] PHP  11. WP_Hook->apply_filters() C:\Users\Vince\Documents\juno\wordpress\projects\rocket-agency\app\public\wp-includes\class-wp-hook.php:311
[25-May-2020 22:16:49 UTC] PHP  11. WP_Hook->apply_filters() C:\Users\Vince\Documents\juno\wordpress\projects\rocket-agency\app\public\wp-includes\class-wp-hook.php:311
[25-May-2020 22:16:49 UTC] PHP  12. wp_schedule_update_checks() C:\Users\Vince\Documents\juno\wordpress\projects\rocket-agency\app\public\wp-includes\class-wp-hook.php:287
[25-May-2020 22:16:49 UTC] PHP  12. wp_schedule_update_checks() C:\Users\Vince\Documents\juno\wordpress\projects\rocket-agency\app\public\wp-includes\class-wp-hook.php:287
[25-May-2020 22:16:49 UTC] PHP  13. wp_next_scheduled() C:\Users\Vince\Documents\juno\wordpress\projects\rocket-agency\app\public\wp-includes\update.php:785
[25-May-2020 22:16:49 UTC] PHP  13. wp_next_scheduled() C:\Users\Vince\Documents\juno\wordpress\projects\rocket-agency\app\public\wp-includes\update.php:785
[25-May-2020 22:16:49 UTC] PHP  14. wp_get_scheduled_event() C:\Users\Vince\Documents\juno\wordpress\projects\rocket-agency\app\public\wp-includes\cron.php:614
[25-May-2020 22:16:49 UTC] PHP  14. wp_get_scheduled_event() C:\Users\Vince\Documents\juno\wordpress\projects\rocket-agency\app\public\wp-includes\cron.php:614
[25-May-2020 22:16:49 UTC] PHP  15. _get_cron_array() C:\Users\Vince\Documents\juno\wordpress\projects\rocket-agency\app\public\wp-includes\cron.php:563
[25-May-2020 22:16:49 UTC] PHP  15. _get_cron_array() C:\Users\Vince\Documents\juno\wordpress\projects\rocket-agency\app\public\wp-includes\cron.php:563
[25-May-2020 22:16:49 UTC] PHP  16. get_option() C:\Users\Vince\Documents\juno\wordpress\projects\rocket-agency\app\public\wp-includes\cron.php:940
[25-May-2020 22:16:49 UTC] PHP  16. get_option() C:\Users\Vince\Documents\juno\wordpress\projects\rocket-agency\app\public\wp-includes\cron.php:940
[25-May-2020 22:16:49 UTC] PHP  17. wpdb->get_row() C:\Users\Vince\Documents\juno\wordpress\projects\rocket-agency\app\public\wp-includes\option.php:120
[25-May-2020 22:16:49 UTC] PHP  17. wpdb->get_row() C:\Users\Vince\Documents\juno\wordpress\projects\rocket-agency\app\public\wp-includes\option.php:120
[25-May-2020 22:16:49 UTC] PHP  18. wpdb->query() C:\Users\Vince\Documents\juno\wordpress\projects\rocket-agency\app\public\wp-includes\wp-db.php:2563
[25-May-2020 22:16:49 UTC] PHP  18. wpdb->query() C:\Users\Vince\Documents\juno\wordpress\projects\rocket-agency\app\public\wp-includes\wp-db.php:2563
[25-May-2020 22:16:49 UTC] PHP  19. wpdb->_do_query() C:\Users\Vince\Documents\juno\wordpress\projects\rocket-agency\app\public\wp-includes\wp-db.php:1912
[25-May-2020 22:16:49 UTC] PHP  19. wpdb->_do_query() C:\Users\Vince\Documents\juno\wordpress\projects\rocket-agency\app\public\wp-includes\wp-db.php:1912
[25-May-2020 22:16:49 UTC] PHP  20. mysqli_query() C:\Users\Vince\Documents\juno\wordpress\projects\rocket-agency\app\public\wp-includes\wp-db.php:2024
[25-May-2020 22:16:49 UTC] PHP  20. mysqli_query() C:\Users\Vince\Documents\juno\wordpress\projects\rocket-agency\app\public\wp-includes\wp-db.php:2024
[25-May-2020 22:16:49 UTC] PHP Warning:  mysqli_query(): Error reading result set's header in C:\Users\Vince\Documents\juno\wordpress\projects\rocket-agency\app\public\wp-includes\wp-db.php on line 2024
[25-May-2020 22:16:49 UTC] PHP Warning:  mysqli_query(): Error reading result set's header in C:\Users\Vince\Documents\juno\wordpress\projects\rocket-agency\app\public\wp-includes\wp-db.php on line 2024
[25-May-2020 22:16:49 UTC] PHP Stack trace:
[25-May-2020 22:16:49 UTC] PHP Stack trace:
[25-May-2020 22:16:49 UTC] PHP   1. {main}() C:\Users\Vince\AppData\Local\Programs\Local\resources\extraResources\bin\wp-cli\wp-cli.phar:0
[25-May-2020 22:16:49 UTC] PHP   1. {main}() C:\Users\Vince\AppData\Local\Programs\Local\resources\extraResources\bin\wp-cli\wp-cli.phar:0
[25-May-2020 22:16:49 UTC] PHP   2. include() C:\Users\Vince\AppData\Local\Programs\Local\resources\extraResources\bin\wp-cli\wp-cli.phar:4
[25-May-2020 22:16:49 UTC] PHP   2. include() C:\Users\Vince\AppData\Local\Programs\Local\resources\extraResources\bin\wp-cli\wp-cli.phar:4
[25-May-2020 22:16:49 UTC] PHP   3. include() phar://C:/Users/Vince/AppData/Local/Programs/Local/resources/extraResources/bin/wp-cli/wp-cli.phar/php/boot-phar.php:11
[25-May-2020 22:16:49 UTC] PHP   3. include() phar://C:/Users/Vince/AppData/Local/Programs/Local/resources/extraResources/bin/wp-cli/wp-cli.phar/php/boot-phar.php:11
[25-May-2020 22:16:49 UTC] PHP   4. WP_CLI\bootstrap() phar://C:/Users/Vince/AppData/Local/Programs/Local/resources/extraResources/bin/wp-cli/wp-cli.phar/vendor/wp-cli/wp-cli/php/wp-cli.php:27
[25-May-2020 22:16:49 UTC] PHP   4. WP_CLI\bootstrap() phar://C:/Users/Vince/AppData/Local/Programs/Local/resources/extraResources/bin/wp-cli/wp-cli.phar/vendor/wp-cli/wp-cli/php/wp-cli.php:27
[25-May-2020 22:16:49 UTC] PHP   5. WP_CLI\Bootstrap\LaunchRunner->process() phar://C:/Users/Vince/AppData/Local/Programs/Local/resources/extraResources/bin/wp-cli/wp-cli.phar/vendor/wp-cli/wp-cli/php/bootstrap.php:74
[25-May-2020 22:16:49 UTC] PHP   5. WP_CLI\Bootstrap\LaunchRunner->process() phar://C:/Users/Vince/AppData/Local/Programs/Local/resources/extraResources/bin/wp-cli/wp-cli.phar/vendor/wp-cli/wp-cli/php/bootstrap.php:74
[25-May-2020 22:16:49 UTC] PHP   6. WP_CLI\Runner->start() phar://C:/Users/Vince/AppData/Local/Programs/Local/resources/extraResources/bin/wp-cli/wp-cli.phar/vendor/wp-cli/wp-cli/php/WP_CLI/Bootstrap/LaunchRunner.php:23
[25-May-2020 22:16:49 UTC] PHP   6. WP_CLI\Runner->start() phar://C:/Users/Vince/AppData/Local/Programs/Local/resources/extraResources/bin/wp-cli/wp-cli.phar/vendor/wp-cli/wp-cli/php/WP_CLI/Bootstrap/LaunchRunner.php:23
[25-May-2020 22:16:49 UTC] PHP   7. WP_CLI\Runner->load_wordpress() phar://C:/Users/Vince/AppData/Local/Programs/Local/resources/extraResources/bin/wp-cli/wp-cli.phar/vendor/wp-cli/wp-cli/php/WP_CLI/Runner.php:1158
[25-May-2020 22:16:49 UTC] PHP   7. WP_CLI\Runner->load_wordpress() phar://C:/Users/Vince/AppData/Local/Programs/Local/resources/extraResources/bin/wp-cli/wp-cli.phar/vendor/wp-cli/wp-cli/php/WP_CLI/Runner.php:1158
[25-May-2020 22:16:49 UTC] PHP   8. require() phar://C:/Users/Vince/AppData/Local/Programs/Local/resources/extraResources/bin/wp-cli/wp-cli.phar/vendor/wp-cli/wp-cli/php/WP_CLI/Runner.php:1237
[25-May-2020 22:16:49 UTC] PHP   8. require() phar://C:/Users/Vince/AppData/Local/Programs/Local/resources/extraResources/bin/wp-cli/wp-cli.phar/vendor/wp-cli/wp-cli/php/WP_CLI/Runner.php:1237
[25-May-2020 22:16:49 UTC] PHP   9. do_action() C:\Users\Vince\Documents\juno\wordpress\projects\rocket-agency\app\public\wp-settings.php:540
[25-May-2020 22:16:49 UTC] PHP   9. do_action() C:\Users\Vince\Documents\juno\wordpress\projects\rocket-agency\app\public\wp-settings.php:540
[25-May-2020 22:16:49 UTC] PHP  10. WP_Hook->do_action() C:\Users\Vince\Documents\juno\wordpress\projects\rocket-agency\app\public\wp-includes\plugin.php:478
[25-May-2020 22:16:49 UTC] PHP  10. WP_Hook->do_action() C:\Users\Vince\Documents\juno\wordpress\projects\rocket-agency\app\public\wp-includes\plugin.php:478
[25-May-2020 22:16:49 UTC] PHP  11. WP_Hook->apply_filters() C:\Users\Vince\Documents\juno\wordpress\projects\rocket-agency\app\public\wp-includes\class-wp-hook.php:311
[25-May-2020 22:16:49 UTC] PHP  11. WP_Hook->apply_filters() C:\Users\Vince\Documents\juno\wordpress\projects\rocket-agency\app\public\wp-includes\class-wp-hook.php:311
[25-May-2020 22:16:49 UTC] PHP  12. wp_schedule_update_checks() C:\Users\Vince\Documents\juno\wordpress\projects\rocket-agency\app\public\wp-includes\class-wp-hook.php:287
[25-May-2020 22:16:49 UTC] PHP  12. wp_schedule_update_checks() C:\Users\Vince\Documents\juno\wordpress\projects\rocket-agency\app\public\wp-includes\class-wp-hook.php:287
[25-May-2020 22:16:49 UTC] PHP  13. wp_next_scheduled() C:\Users\Vince\Documents\juno\wordpress\projects\rocket-agency\app\public\wp-includes\update.php:785
[25-May-2020 22:16:49 UTC] PHP  13. wp_next_scheduled() C:\Users\Vince\Documents\juno\wordpress\projects\rocket-agency\app\public\wp-includes\update.php:785
[25-May-2020 22:16:49 UTC] PHP  14. wp_get_scheduled_event() C:\Users\Vince\Documents\juno\wordpress\projects\rocket-agency\app\public\wp-includes\cron.php:614
[25-May-2020 22:16:49 UTC] PHP  14. wp_get_scheduled_event() C:\Users\Vince\Documents\juno\wordpress\projects\rocket-agency\app\public\wp-includes\cron.php:614
[25-May-2020 22:16:49 UTC] PHP  15. _get_cron_array() C:\Users\Vince\Documents\juno\wordpress\projects\rocket-agency\app\public\wp-includes\cron.php:563
[25-May-2020 22:16:49 UTC] PHP  15. _get_cron_array() C:\Users\Vince\Documents\juno\wordpress\projects\rocket-agency\app\public\wp-includes\cron.php:563
[25-May-2020 22:16:49 UTC] PHP  16. get_option() C:\Users\Vince\Documents\juno\wordpress\projects\rocket-agency\app\public\wp-includes\cron.php:940
[25-May-2020 22:16:49 UTC] PHP  16. get_option() C:\Users\Vince\Documents\juno\wordpress\projects\rocket-agency\app\public\wp-includes\cron.php:940
[25-May-2020 22:16:49 UTC] PHP  17. wpdb->get_row() C:\Users\Vince\Documents\juno\wordpress\projects\rocket-agency\app\public\wp-includes\option.php:120
[25-May-2020 22:16:49 UTC] PHP  17. wpdb->get_row() C:\Users\Vince\Documents\juno\wordpress\projects\rocket-agency\app\public\wp-includes\option.php:120
[25-May-2020 22:16:49 UTC] PHP  18. wpdb->query() C:\Users\Vince\Documents\juno\wordpress\projects\rocket-agency\app\public\wp-includes\wp-db.php:2563
[25-May-2020 22:16:49 UTC] PHP  18. wpdb->query() C:\Users\Vince\Documents\juno\wordpress\projects\rocket-agency\app\public\wp-includes\wp-db.php:2563
[25-May-2020 22:16:49 UTC] PHP  19. wpdb->_do_query() C:\Users\Vince\Documents\juno\wordpress\projects\rocket-agency\app\public\wp-includes\wp-db.php:1912
[25-May-2020 22:16:49 UTC] PHP  19. wpdb->_do_query() C:\Users\Vince\Documents\juno\wordpress\projects\rocket-agency\app\public\wp-includes\wp-db.php:1912
[25-May-2020 22:16:49 UTC] PHP  20. mysqli_query() C:\Users\Vince\Documents\juno\wordpress\projects\rocket-agency\app\public\wp-includes\wp-db.php:2024
[25-May-2020 22:16:49 UTC] PHP  20. mysqli_query() C:\Users\Vince\Documents\juno\wordpress\projects\rocket-agency\app\public\wp-includes\wp-db.php:2024
